<?xml version="1.0" encoding="UTF-8"?>
<testsuite xmlns:xsi="http://www.w3.org/2001/XMLSchema-instance" xsi:noNamespaceSchemaLocation="https://maven.apache.org/surefire/maven-surefire-plugin/xsd/surefire-test-report.xsd" name="org.apache.ignite.spark.JavaStandaloneIgniteRDDSelfTest" time="6.186" tests="5" errors="0" skipped="0" failures="0">
  <properties>
[...]
</properties>
  <testcase name="testReadDataFromIgnite" classname="org.apache.ignite.spark.JavaStandaloneIgniteRDDSelfTest" time="2.269"/>
  <testcase name="testAllFieldsTypes" classname="org.apache.ignite.spark.JavaStandaloneIgniteRDDSelfTest" time="1.609"/>
  <testcase name="testQueryObjectsFromIgnite" classname="org.apache.ignite.spark.JavaStandaloneIgniteRDDSelfTest" time="0.469"/>
  <testcase name="testQueryFieldsFromIgnite" classname="org.apache.ignite.spark.JavaStandaloneIgniteRDDSelfTest" time="0.528"/>
  <testcase name="testStoreDataToIgnite" classname="org.apache.ignite.spark.JavaStandaloneIgniteRDDSelfTest" time="1.268"/>
</testsuite>